#
# There is insufficient memory for the Java Runtime Environment to continue.
# Native memory allocation (mmap) failed to map 65536 bytes for Failed to commit metaspace.
# Possible reasons:
#   The system is out of physical RAM or swap space
#   The process is running with CompressedOops enabled, and the Java Heap may be blocking the growth of the native heap
# Possible solutions:
#   Reduce memory load on the system
#   Increase physical memory or swap space
#   Check if swap backing store is full
#   Decrease Java heap size (-Xmx/-Xms)
#   Decrease number of Java threads
#   Decrease Java thread stack sizes (-Xss)
#   Set larger code cache with -XX:ReservedCodeCacheSize=
#   JVM is running with Zero Based Compressed Oops mode in which the Java heap is
#     placed in the first 32GB address space. The Java Heap base address is the
#     maximum limit for the native heap growth. Please use -XX:HeapBaseMinAddress
#     to set the Java Heap base and to place the Java Heap above 32GB virtual address.
# This output file may be truncated or incomplete.
#
#  Out of Memory Error (virtualSpaceNode.cpp:110), pid=20520, tid=10084
#
# JRE version: OpenJDK Runtime Environment Corretto-17.0.7.7.1 (17.0.7+7) (build 17.0.7+7-LTS)
# Java VM: OpenJDK 64-Bit Server VM Corretto-17.0.7.7.1 (17.0.7+7-LTS, mixed mode, sharing, tiered, compressed oops, compressed class ptrs, g1 gc, windows-amd64)
# No core dump will be written. Minidumps are not enabled by default on client versions of Windows
#

---------------  S U M M A R Y ------------

Command Line: -javaagent:C:\Program Files\JetBrains\IntelliJ IDEA Community Edition 2020.3.3\lib\idea_rt.jar=59657:C:\Program Files\JetBrains\IntelliJ IDEA Community Edition 2020.3.3\bin -Dfile.encoding=UTF-8 com.example.demo.Main

Host: Intel(R) Core(TM) i7-4720HQ CPU @ 2.60GHz, 8 cores, 15G,  Windows 10 , 64 bit Build 19041 (10.0.19041.2913)
Time: Mon Jun 19 17:19:45 2023 FLE Daylight Time elapsed time: 2.322886 seconds (0d 0h 0m 2s)

---------------  T H R E A D  ---------------

Current thread (0x000002496f518cc0):  JavaThread "main" [_thread_in_vm, id=10084, stack(0x0000007cc4300000,0x0000007cc4400000)]

Stack: [0x0000007cc4300000,0x0000007cc4400000]
Native frames: (J=compiled Java code, j=interpreted, Vv=VM code, C=native code)
V  [jvm.dll+0x64b53a]
V  [jvm.dll+0x7fef54]
V  [jvm.dll+0x80070e]
V  [jvm.dll+0x800d63]
V  [jvm.dll+0x236a2b]
V  [jvm.dll+0x7fb02b]
V  [jvm.dll+0x5f27d6]
V  [jvm.dll+0x1b5f2e]
V  [jvm.dll+0x5f5024]
V  [jvm.dll+0x5f318d]
V  [jvm.dll+0x22c5f3]
V  [jvm.dll+0x1ded3e]
V  [jvm.dll+0x1d4ea9]
V  [jvm.dll+0x519cf0]
V  [jvm.dll+0x77d6bc]
V  [jvm.dll+0x77d7a4]
V  [jvm.dll+0x3f3115]
V  [jvm.dll+0x3f8d81]
C  [java.dll+0x17ec]

Java frames: (J=compiled Java code, j=interpreted, Vv=VM code)
j  java.lang.ClassLoader.defineClass1(Ljava/lang/ClassLoader;Ljava/lang/String;[BIILjava/security/ProtectionDomain;Ljava/lang/String;)Ljava/lang/Class;+0 java.base@17.0.7
j  java.lang.ClassLoader.defineClass(Ljava/lang/String;[BIILjava/security/ProtectionDomain;)Ljava/lang/Class;+27 java.base@17.0.7
j  java.security.SecureClassLoader.defineClass(Ljava/lang/String;[BIILjava/security/CodeSource;)Ljava/lang/Class;+12 java.base@17.0.7
j  jdk.internal.loader.BuiltinClassLoader.defineClass(Ljava/lang/String;Ljdk/internal/loader/Resource;)Ljava/lang/Class;+117 java.base@17.0.7
J 752 c1 jdk.internal.loader.BuiltinClassLoader.findClassOnClassPathOrNull(Ljava/lang/String;)Ljava/lang/Class; java.base@17.0.7 (64 bytes) @ 0x00000249001598bc [0x0000024900158800+0x00000000000010bc]
J 520 c1 jdk.internal.loader.BuiltinClassLoader.loadClassOrNull(Ljava/lang/String;Z)Ljava/lang/Class; java.base@17.0.7 (143 bytes) @ 0x00000249000c88d4 [0x00000249000c79c0+0x0000000000000f14]
J 662 c1 jdk.internal.loader.ClassLoaders$AppClassLoader.loadClass(Ljava/lang/String;Z)Ljava/lang/Class; java.base@17.0.7 (40 bytes) @ 0x000002490012640c [0x0000024900125de0+0x000000000000062c]
J 659 c1 java.lang.ClassLoader.loadClass(Ljava/lang/String;)Ljava/lang/Class; java.base@17.0.7 (7 bytes) @ 0x0000024900124f4c [0x0000024900124e40+0x000000000000010c]
v  ~StubRoutines::call_stub
j  org.springframework.core.annotation.TypeMappedAnnotations.get(Ljava/lang/Class;Ljava/util/function/Predicate;Lorg/springframework/core/annotation/MergedAnnotationSelector;)Lorg/springframework/core/annotation/MergedAnnotation;+19
j  org.springframework.core.annotation.TypeMappedAnnotations.get(Ljava/lang/Class;)Lorg/springframework/core/annotation/MergedAnnotation;+4
j  org.springframework.core.annotation.OrderUtils.findOrder(Lorg/springframework/core/annotation/MergedAnnotations;)Ljava/lang/Integer;+3
j  org.springframework.core.annotation.OrderUtils.getOrderFromAnnotations(Ljava/lang/reflect/AnnotatedElement;Lorg/springframework/core/annotation/MergedAnnotations;)Ljava/lang/Integer;+43
j  org.springframework.core.annotation.AnnotationAwareOrderComparator.findOrderFromAnnotation(Ljava/lang/Object;)Ljava/lang/Integer;+29
j  org.springframework.core.annotation.AnnotationAwareOrderComparator.findOrder(Ljava/lang/Object;)Ljava/lang/Integer;+14
j  org.springframework.core.OrderComparator.getOrder(Ljava/lang/Object;)I+6
j  org.springframework.core.OrderComparator.getOrder(Ljava/lang/Object;Lorg/springframework/core/OrderComparator$OrderSourceProvider;)I+107
j  org.springframework.core.OrderComparator.doCompare(Ljava/lang/Object;Ljava/lang/Object;Lorg/springframework/core/OrderComparator$OrderSourceProvider;)I+39
j  org.springframework.core.OrderComparator.compare(Ljava/lang/Object;Ljava/lang/Object;)I+4
j  java.util.TimSort.countRunAndMakeAscending([Ljava/lang/Object;IILjava/util/Comparator;)I+43 java.base@17.0.7
j  java.util.TimSort.sort([Ljava/lang/Object;IILjava/util/Comparator;[Ljava/lang/Object;II)V+60 java.base@17.0.7
j  java.util.Arrays.sort([Ljava/lang/Object;IILjava/util/Comparator;)V+43 java.base@17.0.7
j  java.util.ArrayList.sort(Ljava/util/Comparator;)V+15 java.base@17.0.7
j  org.springframework.core.annotation.AnnotationAwareOrderComparator.sort(Ljava/util/List;)V+14
j  org.springframework.boot.SpringApplication.getSpringFactoriesInstances(Ljava/lang/Class;[Ljava/lang/Class;[Ljava/lang/Object;)Ljava/util/Collection;+36
j  org.springframework.boot.SpringApplication.getSpringFactoriesInstances(Ljava/lang/Class;)Ljava/util/Collection;+10
j  org.springframework.boot.SpringApplication.<init>(Lorg/springframework/core/io/ResourceLoader;[Ljava/lang/Class;)V+132
j  org.springframework.boot.SpringApplication.<init>([Ljava/lang/Class;)V+3
j  org.springframework.boot.SpringApplication.run([Ljava/lang/Class;[Ljava/lang/String;)Lorg/springframework/context/ConfigurableApplicationContext;+5
j  org.springframework.boot.SpringApplication.run(Ljava/lang/Class;[Ljava/lang/String;)Lorg/springframework/context/ConfigurableApplicationContext;+9
j  com.example.demo.Main.main([Ljava/lang/String;)V+3
v  ~StubRoutines::call_stub

---------------  P R O C E S S  ---------------

Threads class SMR info:
_java_thread_list=0x0000024917826880, length=14, elements={
0x000002496f518cc0, 0x000002497f580e20, 0x000002497f581d60, 0x000002497f58fd60,
0x000002497f590820, 0x000002497f5931e0, 0x000002497f593b90, 0x000002497f594920,
0x000002497f59b3f0, 0x0000024917180890, 0x000002497f565900, 0x0000024917406300,
0x00000249174067d0, 0x0000024917a6fbc0
}

Java Threads: ( => current thread )
=>0x000002496f518cc0 JavaThread "main" [_thread_in_vm, id=10084, stack(0x0000007cc4300000,0x0000007cc4400000)]
  0x000002497f580e20 JavaThread "Reference Handler" daemon [_thread_blocked, id=19476, stack(0x0000007cc4a00000,0x0000007cc4b00000)]
  0x000002497f581d60 JavaThread "Finalizer" daemon [_thread_blocked, id=10104, stack(0x0000007cc4b00000,0x0000007cc4c00000)]
  0x000002497f58fd60 JavaThread "Signal Dispatcher" daemon [_thread_blocked, id=18976, stack(0x0000007cc4c00000,0x0000007cc4d00000)]
  0x000002497f590820 JavaThread "Attach Listener" daemon [_thread_blocked, id=22952, stack(0x0000007cc4d00000,0x0000007cc4e00000)]
  0x000002497f5931e0 JavaThread "Service Thread" daemon [_thread_blocked, id=10108, stack(0x0000007cc4e00000,0x0000007cc4f00000)]
  0x000002497f593b90 JavaThread "Monitor Deflation Thread" daemon [_thread_blocked, id=10012, stack(0x0000007cc4f00000,0x0000007cc5000000)]
  0x000002497f594920 JavaThread "C2 CompilerThread0" daemon [_thread_blocked, id=10212, stack(0x0000007cc5000000,0x0000007cc5100000)]
  0x000002497f59b3f0 JavaThread "C1 CompilerThread0" daemon [_thread_blocked, id=6372, stack(0x0000007cc5100000,0x0000007cc5200000)]
  0x0000024917180890 JavaThread "Sweeper thread" daemon [_thread_blocked, id=14840, stack(0x0000007cc5200000,0x0000007cc5300000)]
  0x000002497f565900 JavaThread "Common-Cleaner" daemon [_thread_blocked, id=7532, stack(0x0000007cc5300000,0x0000007cc5400000)]
  0x0000024917406300 JavaThread "Monitor Ctrl-Break" daemon [_thread_in_native, id=18140, stack(0x0000007cc5500000,0x0000007cc5600000)]
  0x00000249174067d0 JavaThread "Notification Thread" daemon [_thread_blocked, id=3456, stack(0x0000007cc5600000,0x0000007cc5700000)]
  0x0000024917a6fbc0 JavaThread "C2 CompilerThread1" daemon [_thread_blocked, id=23204, stack(0x0000007cc5400000,0x0000007cc5500000)]

Other Threads:
  0x000002497f57a480 VMThread "VM Thread" [stack: 0x0000007cc4900000,0x0000007cc4a00000] [id=22732]
  0x0000024917407e30 WatcherThread [stack: 0x0000007cc5700000,0x0000007cc5800000] [id=9736]
  0x000002496f583d30 GCTaskThread "GC Thread#0" [stack: 0x0000007cc4400000,0x0000007cc4500000] [id=13192]
  0x000002496f594b30 ConcurrentGCThread "G1 Main Marker" [stack: 0x0000007cc4500000,0x0000007cc4600000] [id=13952]
  0x000002496f596550 ConcurrentGCThread "G1 Conc#0" [stack: 0x0000007cc4600000,0x0000007cc4700000] [id=6420]
  0x000002496f5ddaa0 ConcurrentGCThread "G1 Refine#0" [stack: 0x0000007cc4700000,0x0000007cc4800000] [id=8260]
  0x000002497f42c120 ConcurrentGCThread "G1 Service" [stack: 0x0000007cc4800000,0x0000007cc4900000] [id=20540]

Threads with active compile tasks:

VM state: not at safepoint (normal execution)

VM Mutex/Monitor currently owned by a thread:  ([mutex/lock_event])
[0x000002496f4fe180] Metaspace_lock - owner thread: 0x000002496f518cc0

Heap address: 0x0000000701400000, size: 4076 MB, Compressed Oops mode: Zero based, Oop shift amount: 3

CDS archive(s) mapped at: [0x0000000800000000-0x0000000800bc0000-0x0000000800bc0000), size 12320768, SharedBaseAddress: 0x0000000800000000, ArchiveRelocationMode: 0.
Compressed class space mapped at: 0x0000000801000000-0x0000000841000000, reserved size: 1073741824
Narrow klass base: 0x0000000800000000, Narrow klass shift: 0, Narrow klass range: 0x100000000

GC Precious Log:
 CPUs: 8 total, 8 available
 Memory: 16300M
 Large Page Support: Disabled
 NUMA Support: Disabled
 Compressed Oops: Enabled (Zero based)
 Heap Region Size: 2M
 Heap Min Capacity: 8M
 Heap Initial Capacity: 256M
 Heap Max Capacity: 4076M
 Pre-touch: Disabled
 Parallel Workers: 8
 Concurrent Workers: 2
 Concurrent Refinement Workers: 8
 Periodic GC: Disabled

Heap:
 garbage-first heap   total 262144K, used 14336K [0x0000000701400000, 0x0000000800000000)
  region size 2048K, 8 young (16384K), 0 survivors (0K)
 Metaspace       used 3138K, committed 3264K, reserved 1114112K
  class space    used 298K, committed 384K, reserved 1048576K

Heap Regions: E=young(eden), S=young(survivor), O=old, HS=humongous(starts), HC=humongous(continues), CS=collection set, F=free, OA=open archive, CA=closed archive, TAMS=top-at-mark-start (previous, next)
|   0|0x0000000701400000, 0x0000000701400000, 0x0000000701600000|  0%| F|  |TAMS 0x0000000701400000, 0x0000000701400000| Untracked 
|   1|0x0000000701600000, 0x0000000701600000, 0x0000000701800000|  0%| F|  |TAMS 0x0000000701600000, 0x0000000701600000| Untracked 
|   2|0x0000000701800000, 0x0000000701800000, 0x0000000701a00000|  0%| F|  |TAMS 0x0000000701800000, 0x0000000701800000| Untracked 
|   3|0x0000000701a00000, 0x0000000701a00000, 0x0000000701c00000|  0%| F|  |TAMS 0x0000000701a00000, 0x0000000701a00000| Untracked 
|   4|0x0000000701c00000, 0x0000000701c00000, 0x0000000701e00000|  0%| F|  |TAMS 0x0000000701c00000, 0x0000000701c00000| Untracked 
|   5|0x0000000701e00000, 0x0000000701e00000, 0x0000000702000000|  0%| F|  |TAMS 0x0000000701e00000, 0x0000000701e00000| Untracked 
|   6|0x0000000702000000, 0x0000000702000000, 0x0000000702200000|  0%| F|  |TAMS 0x0000000702000000, 0x0000000702000000| Untracked 
|   7|0x0000000702200000, 0x0000000702200000, 0x0000000702400000|  0%| F|  |TAMS 0x0000000702200000, 0x0000000702200000| Untracked 
|   8|0x0000000702400000, 0x0000000702400000, 0x0000000702600000|  0%| F|  |TAMS 0x0000000702400000, 0x0000000702400000| Untracked 
|   9|0x0000000702600000, 0x0000000702600000, 0x0000000702800000|  0%| F|  |TAMS 0x0000000702600000, 0x0000000702600000| Untracked 
|  10|0x0000000702800000, 0x0000000702800000, 0x0000000702a00000|  0%| F|  |TAMS 0x0000000702800000, 0x0000000702800000| Untracked 
|  11|0x0000000702a00000, 0x0000000702a00000, 0x0000000702c00000|  0%| F|  |TAMS 0x0000000702a00000, 0x0000000702a00000| Untracked 
|  12|0x0000000702c00000, 0x0000000702c00000, 0x0000000702e00000|  0%| F|  |TAMS 0x0000000702c00000, 0x0000000702c00000| Untracked 
|  13|0x0000000702e00000, 0x0000000702e00000, 0x0000000703000000|  0%| F|  |TAMS 0x0000000702e00000, 0x0000000702e00000| Untracked 
|  14|0x0000000703000000, 0x0000000703000000, 0x0000000703200000|  0%| F|  |TAMS 0x0000000703000000, 0x0000000703000000| Untracked 
|  15|0x0000000703200000, 0x0000000703200000, 0x0000000703400000|  0%| F|  |TAMS 0x0000000703200000, 0x0000000703200000| Untracked 
|  16|0x0000000703400000, 0x0000000703400000, 0x0000000703600000|  0%| F|  |TAMS 0x0000000703400000, 0x0000000703400000| Untracked 
|  17|0x0000000703600000, 0x0000000703600000, 0x0000000703800000|  0%| F|  |TAMS 0x0000000703600000, 0x0000000703600000| Untracked 
|  18|0x0000000703800000, 0x0000000703800000, 0x0000000703a00000|  0%| F|  |TAMS 0x0000000703800000, 0x0000000703800000| Untracked 
|  19|0x0000000703a00000, 0x0000000703a00000, 0x0000000703c00000|  0%| F|  |TAMS 0x0000000703a00000, 0x0000000703a00000| Untracked 
|  20|0x0000000703c00000, 0x0000000703c00000, 0x0000000703e00000|  0%| F|  |TAMS 0x0000000703c00000, 0x0000000703c00000| Untracked 
|  21|0x0000000703e00000, 0x0000000703e00000, 0x0000000704000000|  0%| F|  |TAMS 0x0000000703e00000, 0x0000000703e00000| Untracked 
|  22|0x0000000704000000, 0x0000000704000000, 0x0000000704200000|  0%| F|  |TAMS 0x0000000704000000, 0x0000000704000000| Untracked 
|  23|0x0000000704200000, 0x0000000704200000, 0x0000000704400000|  0%| F|  |TAMS 0x0000000704200000, 0x0000000704200000| Untracked 
|  24|0x0000000704400000, 0x0000000704400000, 0x0000000704600000|  0%| F|  |TAMS 0x0000000704400000, 0x0000000704400000| Untracked 
|  25|0x0000000704600000, 0x0000000704600000, 0x0000000704800000|  0%| F|  |TAMS 0x0000000704600000, 0x0000000704600000| Untracked 
|  26|0x0000000704800000, 0x0000000704800000, 0x0000000704a00000|  0%| F|  |TAMS 0x0000000704800000, 0x0000000704800000| Untracked 
|  27|0x0000000704a00000, 0x0000000704a00000, 0x0000000704c00000|  0%| F|  |TAMS 0x0000000704a00000, 0x0000000704a00000| Untracked 
|  28|0x0000000704c00000, 0x0000000704c00000, 0x0000000704e00000|  0%| F|  |TAMS 0x0000000704c00000, 0x0000000704c00000| Untracked 
|  29|0x0000000704e00000, 0x0000000704e00000, 0x0000000705000000|  0%| F|  |TAMS 0x0000000704e00000, 0x0000000704e00000| Untracked 
|  30|0x0000000705000000, 0x0000000705000000, 0x0000000705200000|  0%| F|  |TAMS 0x0000000705000000, 0x0000000705000000| Untracked 
|  31|0x0000000705200000, 0x0000000705200000, 0x0000000705400000|  0%| F|  |TAMS 0x0000000705200000, 0x0000000705200000| Untracked 
|  32|0x0000000705400000, 0x0000000705400000, 0x0000000705600000|  0%| F|  |TAMS 0x0000000705400000, 0x0000000705400000| Untracked 
|  33|0x0000000705600000, 0x0000000705600000, 0x0000000705800000|  0%| F|  |TAMS 0x0000000705600000, 0x0000000705600000| Untracked 
|  34|0x0000000705800000, 0x0000000705800000, 0x0000000705a00000|  0%| F|  |TAMS 0x0000000705800000, 0x0000000705800000| Untracked 
|  35|0x0000000705a00000, 0x0000000705a00000, 0x0000000705c00000|  0%| F|  |TAMS 0x0000000705a00000, 0x0000000705a00000| Untracked 
|  36|0x0000000705c00000, 0x0000000705c00000, 0x0000000705e00000|  0%| F|  |TAMS 0x0000000705c00000, 0x0000000705c00000| Untracked 
|  37|0x0000000705e00000, 0x0000000705e00000, 0x0000000706000000|  0%| F|  |TAMS 0x0000000705e00000, 0x0000000705e00000| Untracked 
|  38|0x0000000706000000, 0x0000000706000000, 0x0000000706200000|  0%| F|  |TAMS 0x0000000706000000, 0x0000000706000000| Untracked 
|  39|0x0000000706200000, 0x0000000706200000, 0x0000000706400000|  0%| F|  |TAMS 0x0000000706200000, 0x0000000706200000| Untracked 
|  40|0x0000000706400000, 0x0000000706400000, 0x0000000706600000|  0%| F|  |TAMS 0x0000000706400000, 0x0000000706400000| Untracked 
|  41|0x0000000706600000, 0x0000000706600000, 0x0000000706800000|  0%| F|  |TAMS 0x0000000706600000, 0x0000000706600000| Untracked 
|  42|0x0000000706800000, 0x0000000706800000, 0x0000000706a00000|  0%| F|  |TAMS 0x0000000706800000, 0x0000000706800000| Untracked 
|  43|0x0000000706a00000, 0x0000000706a00000, 0x0000000706c00000|  0%| F|  |TAMS 0x0000000706a00000, 0x0000000706a00000| Untracked 
|  44|0x0000000706c00000, 0x0000000706c00000, 0x0000000706e00000|  0%| F|  |TAMS 0x0000000706c00000, 0x0000000706c00000| Untracked 
|  45|0x0000000706e00000, 0x0000000706e00000, 0x0000000707000000|  0%| F|  |TAMS 0x0000000706e00000, 0x0000000706e00000| Untracked 
|  46|0x0000000707000000, 0x0000000707000000, 0x0000000707200000|  0%| F|  |TAMS 0x0000000707000000, 0x0000000707000000| Untracked 
|  47|0x0000000707200000, 0x0000000707200000, 0x0000000707400000|  0%| F|  |TAMS 0x0000000707200000, 0x0000000707200000| Untracked 
|  48|0x0000000707400000, 0x0000000707400000, 0x0000000707600000|  0%| F|  |TAMS 0x0000000707400000, 0x0000000707400000| Untracked 
|  49|0x0000000707600000, 0x0000000707600000, 0x0000000707800000|  0%| F|  |TAMS 0x0000000707600000, 0x0000000707600000| Untracked 
|  50|0x0000000707800000, 0x0000000707800000, 0x0000000707a00000|  0%| F|  |TAMS 0x0000000707800000, 0x0000000707800000| Untracked 
|  51|0x0000000707a00000, 0x0000000707a00000, 0x0000000707c00000|  0%| F|  |TAMS 0x0000000707a00000, 0x0000000707a00000| Untracked 
|  52|0x0000000707c00000, 0x0000000707c00000, 0x0000000707e00000|  0%| F|  |TAMS 0x0000000707c00000, 0x0000000707c00000| Untracked 
|  53|0x0000000707e00000, 0x0000000707e00000, 0x0000000708000000|  0%| F|  |TAMS 0x0000000707e00000, 0x0000000707e00000| Untracked 
|  54|0x0000000708000000, 0x0000000708000000, 0x0000000708200000|  0%| F|  |TAMS 0x0000000708000000, 0x0000000708000000| Untracked 
|  55|0x0000000708200000, 0x0000000708200000, 0x0000000708400000|  0%| F|  |TAMS 0x0000000708200000, 0x0000000708200000| Untracked 
|  56|0x0000000708400000, 0x0000000708400000, 0x0000000708600000|  0%| F|  |TAMS 0x0000000708400000, 0x0000000708400000| Untracked 
|  57|0x0000000708600000, 0x0000000708600000, 0x0000000708800000|  0%| F|  |TAMS 0x0000000708600000, 0x0000000708600000| Untracked 
|  58|0x0000000708800000, 0x0000000708800000, 0x0000000708a00000|  0%| F|  |TAMS 0x0000000708800000, 0x0000000708800000| Untracked 
|  59|0x0000000708a00000, 0x0000000708a00000, 0x0000000708c00000|  0%| F|  |TAMS 0x0000000708a00000, 0x0000000708a00000| Untracked 
|  60|0x0000000708c00000, 0x0000000708c00000, 0x0000000708e00000|  0%| F|  |TAMS 0x0000000708c00000, 0x0000000708c00000| Untracked 
|  61|0x0000000708e00000, 0x0000000708e00000, 0x0000000709000000|  0%| F|  |TAMS 0x0000000708e00000, 0x0000000708e00000| Untracked 
|  62|0x0000000709000000, 0x0000000709000000, 0x0000000709200000|  0%| F|  |TAMS 0x0000000709000000, 0x0000000709000000| Untracked 
|  63|0x0000000709200000, 0x0000000709200000, 0x0000000709400000|  0%| F|  |TAMS 0x0000000709200000, 0x0000000709200000| Untracked 
|  64|0x0000000709400000, 0x0000000709400000, 0x0000000709600000|  0%| F|  |TAMS 0x0000000709400000, 0x0000000709400000| Untracked 
|  65|0x0000000709600000, 0x0000000709600000, 0x0000000709800000|  0%| F|  |TAMS 0x0000000709600000, 0x0000000709600000| Untracked 
|  66|0x0000000709800000, 0x0000000709800000, 0x0000000709a00000|  0%| F|  |TAMS 0x0000000709800000, 0x0000000709800000| Untracked 
|  67|0x0000000709a00000, 0x0000000709a00000, 0x0000000709c00000|  0%| F|  |TAMS 0x0000000709a00000, 0x0000000709a00000| Untracked 
|  68|0x0000000709c00000, 0x0000000709c00000, 0x0000000709e00000|  0%| F|  |TAMS 0x0000000709c00000, 0x0000000709c00000| Untracked 
|  69|0x0000000709e00000, 0x0000000709e00000, 0x000000070a000000|  0%| F|  |TAMS 0x0000000709e00000, 0x0000000709e00000| Untracked 
|  70|0x000000070a000000, 0x000000070a000000, 0x000000070a200000|  0%| F|  |TAMS 0x000000070a000000, 0x000000070a000000| Untracked 
|  71|0x000000070a200000, 0x000000070a200000, 0x000000070a400000|  0%| F|  |TAMS 0x000000070a200000, 0x000000070a200000| Untracked 
|  72|0x000000070a400000, 0x000000070a400000, 0x000000070a600000|  0%| F|  |TAMS 0x000000070a400000, 0x000000070a400000| Untracked 
|  73|0x000000070a600000, 0x000000070a600000, 0x000000070a800000|  0%| F|  |TAMS 0x000000070a600000, 0x000000070a600000| Untracked 
|  74|0x000000070a800000, 0x000000070a800000, 0x000000070aa00000|  0%| F|  |TAMS 0x000000070a800000, 0x000000070a800000| Untracked 
|  75|0x000000070aa00000, 0x000000070aa00000, 0x000000070ac00000|  0%| F|  |TAMS 0x000000070aa00000, 0x000000070aa00000| Untracked 
|  76|0x000000070ac00000, 0x000000070ac00000, 0x000000070ae00000|  0%| F|  |TAMS 0x000000070ac00000, 0x000000070ac00000| Untracked 
|  77|0x000000070ae00000, 0x000000070ae00000, 0x000000070b000000|  0%| F|  |TAMS 0x000000070ae00000, 0x000000070ae00000| Untracked 
|  78|0x000000070b000000, 0x000000070b000000, 0x000000070b200000|  0%| F|  |TAMS 0x000000070b000000, 0x000000070b000000| Untracked 
|  79|0x000000070b200000, 0x000000070b200000, 0x000000070b400000|  0%| F|  |TAMS 0x000000070b200000, 0x000000070b200000| Untracked 
|  80|0x000000070b400000, 0x000000070b400000, 0x000000070b600000|  0%| F|  |TAMS 0x000000070b400000, 0x000000070b400000| Untracked 
|  81|0x000000070b600000, 0x000000070b600000, 0x000000070b800000|  0%| F|  |TAMS 0x000000070b600000, 0x000000070b600000| Untracked 
|  82|0x000000070b800000, 0x000000070b800000, 0x000000070ba00000|  0%| F|  |TAMS 0x000000070b800000, 0x000000070b800000| Untracked 
|  83|0x000000070ba00000, 0x000000070ba00000, 0x000000070bc00000|  0%| F|  |TAMS 0x000000070ba00000, 0x000000070ba00000| Untracked 
|  84|0x000000070bc00000, 0x000000070bc00000, 0x000000070be00000|  0%| F|  |TAMS 0x000000070bc00000, 0x000000070bc00000| Untracked 
|  85|0x000000070be00000, 0x000000070be00000, 0x000000070c000000|  0%| F|  |TAMS 0x000000070be00000, 0x000000070be00000| Untracked 
|  86|0x000000070c000000, 0x000000070c000000, 0x000000070c200000|  0%| F|  |TAMS 0x000000070c000000, 0x000000070c000000| Untracked 
|  87|0x000000070c200000, 0x000000070c200000, 0x000000070c400000|  0%| F|  |TAMS 0x000000070c200000, 0x000000070c200000| Untracked 
|  88|0x000000070c400000, 0x000000070c400000, 0x000000070c600000|  0%| F|  |TAMS 0x000000070c400000, 0x000000070c400000| Untracked 
|  89|0x000000070c600000, 0x000000070c600000, 0x000000070c800000|  0%| F|  |TAMS 0x000000070c600000, 0x000000070c600000| Untracked 
|  90|0x000000070c800000, 0x000000070c800000, 0x000000070ca00000|  0%| F|  |TAMS 0x000000070c800000, 0x000000070c800000| Untracked 
|  91|0x000000070ca00000, 0x000000070ca00000, 0x000000070cc00000|  0%| F|  |TAMS 0x000000070ca00000, 0x000000070ca00000| Untracked 
|  92|0x000000070cc00000, 0x000000070cc00000, 0x000000070ce00000|  0%| F|  |TAMS 0x000000070cc00000, 0x000000070cc00000| Untracked 
|  93|0x000000070ce00000, 0x000000070ce00000, 0x000000070d000000|  0%| F|  |TAMS 0x000000070ce00000, 0x000000070ce00000| Untracked 
|  94|0x000000070d000000, 0x000000070d000000, 0x000000070d200000|  0%| F|  |TAMS 0x000000070d000000, 0x000000070d000000| Untracked 
|  95|0x000000070d200000, 0x000000070d200000, 0x000000070d400000|  0%| F|  |TAMS 0x000000070d200000, 0x000000070d200000| Untracked 
|  96|0x000000070d400000, 0x000000070d400000, 0x000000070d600000|  0%| F|  |TAMS 0x000000070d400000, 0x000000070d400000| Untracked 
|  97|0x000000070d600000, 0x000000070d600000, 0x000000070d800000|  0%| F|  |TAMS 0x000000070d600000, 0x000000070d600000| Untracked 
|  98|0x000000070d800000, 0x000000070d800000, 0x000000070da00000|  0%| F|  |TAMS 0x000000070d800000, 0x000000070d800000| Untracked 
|  99|0x000000070da00000, 0x000000070da00000, 0x000000070dc00000|  0%| F|  |TAMS 0x000000070da00000, 0x000000070da00000| Untracked 
| 100|0x000000070dc00000, 0x000000070dc00000, 0x000000070de00000|  0%| F|  |TAMS 0x000000070dc00000, 0x000000070dc00000| Untracked 
| 101|0x000000070de00000, 0x000000070de00000, 0x000000070e000000|  0%| F|  |TAMS 0x000000070de00000, 0x000000070de00000| Untracked 
| 102|0x000000070e000000, 0x000000070e000000, 0x000000070e200000|  0%| F|  |TAMS 0x000000070e000000, 0x000000070e000000| Untracked 
| 103|0x000000070e200000, 0x000000070e200000, 0x000000070e400000|  0%| F|  |TAMS 0x000000070e200000, 0x000000070e200000| Untracked 
| 104|0x000000070e400000, 0x000000070e400000, 0x000000070e600000|  0%| F|  |TAMS 0x000000070e400000, 0x000000070e400000| Untracked 
| 105|0x000000070e600000, 0x000000070e600000, 0x000000070e800000|  0%| F|  |TAMS 0x000000070e600000, 0x000000070e600000| Untracked 
| 106|0x000000070e800000, 0x000000070e800000, 0x000000070ea00000|  0%| F|  |TAMS 0x000000070e800000, 0x000000070e800000| Untracked 
| 107|0x000000070ea00000, 0x000000070ea00000, 0x000000070ec00000|  0%| F|  |TAMS 0x000000070ea00000, 0x000000070ea00000| Untracked 
| 108|0x000000070ec00000, 0x000000070ec00000, 0x000000070ee00000|  0%| F|  |TAMS 0x000000070ec00000, 0x000000070ec00000| Untracked 
| 109|0x000000070ee00000, 0x000000070ee00000, 0x000000070f000000|  0%| F|  |TAMS 0x000000070ee00000, 0x000000070ee00000| Untracked 
| 110|0x000000070f000000, 0x000000070f000000, 0x000000070f200000|  0%| F|  |TAMS 0x000000070f000000, 0x000000070f000000| Untracked 
| 111|0x000000070f200000, 0x000000070f200000, 0x000000070f400000|  0%| F|  |TAMS 0x000000070f200000, 0x000000070f200000| Untracked 
| 112|0x000000070f400000, 0x000000070f400000, 0x000000070f600000|  0%| F|  |TAMS 0x000000070f400000, 0x000000070f400000| Untracked 
| 113|0x000000070f600000, 0x000000070f600000, 0x000000070f800000|  0%| F|  |TAMS 0x000000070f600000, 0x000000070f600000| Untracked 
| 114|0x000000070f800000, 0x000000070f800000, 0x000000070fa00000|  0%| F|  |TAMS 0x000000070f800000, 0x000000070f800000| Untracked 
| 115|0x000000070fa00000, 0x000000070fa00000, 0x000000070fc00000|  0%| F|  |TAMS 0x000000070fa00000, 0x000000070fa00000| Untracked 
| 116|0x000000070fc00000, 0x000000070fc00000, 0x000000070fe00000|  0%| F|  |TAMS 0x000000070fc00000, 0x000000070fc00000| Untracked 
| 117|0x000000070fe00000, 0x000000070fe00000, 0x0000000710000000|  0%| F|  |TAMS 0x000000070fe00000, 0x000000070fe00000| Untracked 
| 118|0x0000000710000000, 0x0000000710000000, 0x0000000710200000|  0%| F|  |TAMS 0x0000000710000000, 0x0000000710000000| Untracked 
| 119|0x0000000710200000, 0x0000000710200000, 0x0000000710400000|  0%| F|  |TAMS 0x0000000710200000, 0x0000000710200000| Untracked 
| 120|0x0000000710400000, 0x00000007104e5470, 0x0000000710600000| 44%| E|  |TAMS 0x0000000710400000, 0x0000000710400000| Complete 
| 121|0x0000000710600000, 0x0000000710800000, 0x0000000710800000|100%| E|CS|TAMS 0x0000000710600000, 0x0000000710600000| Complete 
| 122|0x0000000710800000, 0x0000000710a00000, 0x0000000710a00000|100%| E|CS|TAMS 0x0000000710800000, 0x0000000710800000| Complete 
| 123|0x0000000710a00000, 0x0000000710c00000, 0x0000000710c00000|100%| E|CS|TAMS 0x0000000710a00000, 0x0000000710a00000| Complete 
| 124|0x0000000710c00000, 0x0000000710e00000, 0x0000000710e00000|100%| E|CS|TAMS 0x0000000710c00000, 0x0000000710c00000| Complete 
| 125|0x0000000710e00000, 0x0000000711000000, 0x0000000711000000|100%| E|CS|TAMS 0x0000000710e00000, 0x0000000710e00000| Complete 
| 126|0x0000000711000000, 0x0000000711200000, 0x0000000711200000|100%| E|CS|TAMS 0x0000000711000000, 0x0000000711000000| Complete 
| 127|0x0000000711200000, 0x0000000711400000, 0x0000000711400000|100%| E|CS|TAMS 0x0000000711200000, 0x0000000711200000| Complete 

Card table byte_map: [0x0000024977b50000,0x0000024978350000] _byte_map_base: 0x0000024974346000

Marking Bits (Prev, Next): (CMBitMap*) 0x000002496f584340, (CMBitMap*) 0x000002496f584380
 Prev Bits: [0x0000024978b50000, 0x000002497cb00000)
 Next Bits: [0x000002490f000000, 0x0000024912fb0000)

Polling page: 0x000002496d510000

Metaspace:

Usage:
  Non-class:      2.77 MB used.
      Class:    298.46 KB used.
       Both:      3.07 MB used.

Virtual space:
  Non-class space:       64.00 MB reserved,       2.81 MB (  4%) committed,  1 nodes.
      Class space:        1.00 GB reserved,     384.00 KB ( <1%) committed,  1 nodes.
             Both:        1.06 GB reserved,       3.19 MB ( <1%) committed. 

Chunk freelists:
   Non-Class:  10.92 MB
       Class:  15.60 MB
        Both:  26.52 MB

MaxMetaspaceSize: unlimited
CompressedClassSpaceSize: 1.00 GB
Initial GC threshold: 21.00 MB
Current GC threshold: 21.00 MB
CDS: on
MetaspaceReclaimPolicy: balanced
 - commit_granule_bytes: 65536.
 - commit_granule_words: 8192.
 - virtual_space_node_default_size: 8388608.
 - enlarge_chunks_in_place: 1.
 - new_chunks_are_fully_committed: 0.
 - uncommit_free_chunks: 1.
 - use_allocation_guard: 0.
 - handle_deallocations: 1.


Internal statistics:

num_allocs_failed_limit: 0.
num_arena_births: 24.
num_arena_deaths: 0.
num_vsnodes_births: 2.
num_vsnodes_deaths: 0.
num_space_committed: 51.
num_space_uncommitted: 0.
num_chunks_returned_to_freelist: 0.
num_chunks_taken_from_freelist: 87.
num_chunk_merges: 0.
num_chunk_splits: 53.
num_chunks_enlarged: 41.
num_inconsistent_stats: 0.

CodeHeap 'non-profiled nmethods': size=120000Kb used=276Kb max_used=276Kb free=119723Kb
 bounds [0x0000024907ad0000, 0x0000024907d40000, 0x000002490f000000]
CodeHeap 'profiled nmethods': size=120000Kb used=1386Kb max_used=1386Kb free=118613Kb
 bounds [0x0000024900000000, 0x0000024900270000, 0x0000024907530000]
CodeHeap 'non-nmethods': size=5760Kb used=1141Kb max_used=1163Kb free=4618Kb
 bounds [0x0000024907530000, 0x00000249077a0000, 0x0000024907ad0000]
 total_blobs=1179 nmethods=751 adapters=341
 compilation: enabled
              stopped_count=0, restarted_count=0
 full_count=0

Compilation events (20 events):
Event: 2.253 Thread 0x000002497f59b3f0  742       3       java.lang.Long::<init> (10 bytes)
Event: 2.253 Thread 0x000002497f59b3f0 nmethod 742 0x0000024900153e90 code [0x0000024900154040, 0x0000024900154218]
Event: 2.257 Thread 0x000002497f59b3f0  743       3       jdk.internal.org.objectweb.asm.ByteVector::put12 (64 bytes)
Event: 2.258 Thread 0x000002497f59b3f0 nmethod 743 0x0000024900154310 code [0x00000249001544c0, 0x0000024900154708]
Event: 2.258 Thread 0x000002497f59b3f0  744       3       jdk.internal.org.objectweb.asm.ClassReader::readUnsignedShort (26 bytes)
Event: 2.258 Thread 0x000002497f59b3f0 nmethod 744 0x0000024900154890 code [0x0000024900154a20, 0x0000024900154b98]
Event: 2.296 Thread 0x000002497f59b3f0  745       3       java.lang.invoke.MemberName::isConstructor (8 bytes)
Event: 2.296 Thread 0x000002497f59b3f0 nmethod 745 0x0000024900154c90 code [0x0000024900154e40, 0x0000024900155078]
Event: 2.298 Thread 0x000002497f59b3f0  746       3       java.util.ArrayDeque::add (7 bytes)
Event: 2.298 Thread 0x000002497f59b3f0 nmethod 746 0x0000024900155190 code [0x0000024900155340, 0x0000024900155488]
Event: 2.305 Thread 0x000002497f59b3f0  748       1       java.util.concurrent.CopyOnWriteArrayList::setArray (6 bytes)
Event: 2.305 Thread 0x000002497f59b3f0 nmethod 748 0x0000024907b14e10 code [0x0000024907b14fa0, 0x0000024907b150b8]
Event: 2.305 Thread 0x000002497f59b3f0  749       3       java.util.concurrent.ConcurrentHashMap::put (8 bytes)
Event: 2.306 Thread 0x000002497f59b3f0 nmethod 749 0x0000024900155510 code [0x00000249001556a0, 0x00000249001557e8]
Event: 2.309 Thread 0x000002497f59b3f0  750       3       java.util.jar.JarFile::getManifest (5 bytes)
Event: 2.309 Thread 0x000002497f59b3f0 nmethod 750 0x0000024900155890 code [0x0000024900155a20, 0x0000024900155b68]
Event: 2.309 Thread 0x000002497f59b3f0  751   !   3       java.util.jar.JarFile::getManifestFromReference (197 bytes)
Event: 2.311 Thread 0x000002497f59b3f0 nmethod 751 0x0000024900155c10 code [0x0000024900155fc0, 0x0000024900157a78]
Event: 2.311 Thread 0x000002497f59b3f0  752   !   3       jdk.internal.loader.BuiltinClassLoader::findClassOnClassPathOrNull (64 bytes)
Event: 2.313 Thread 0x000002497f59b3f0 nmethod 752 0x0000024900158410 code [0x0000024900158800, 0x000002490015a0f8]

GC Heap History (0 events):
No events

Dll operation events (10 events):
Event: 0.047 Loaded shared library C:\Users\Marija\.jdks\corretto-17.0.7\bin\java.dll
Event: 0.118 Loaded shared library C:\Users\Marija\.jdks\corretto-17.0.7\bin\jsvml.dll
Event: 0.713 Loaded shared library C:\Users\Marija\.jdks\corretto-17.0.7\bin\zip.dll
Event: 0.721 Loaded shared library C:\Users\Marija\.jdks\corretto-17.0.7\bin\instrument.dll
Event: 0.735 Loaded shared library C:\Users\Marija\.jdks\corretto-17.0.7\bin\net.dll
Event: 0.738 Loaded shared library C:\Users\Marija\.jdks\corretto-17.0.7\bin\nio.dll
Event: 0.743 Loaded shared library C:\Users\Marija\.jdks\corretto-17.0.7\bin\zip.dll
Event: 1.019 Loaded shared library C:\Users\Marija\.jdks\corretto-17.0.7\bin\jimage.dll
Event: 1.324 Loaded shared library C:\Program Files\JetBrains\IntelliJ IDEA Community Edition 2020.3.3\bin\breakgen64.dll
Event: 1.406 Loaded shared library C:\Users\Marija\.jdks\corretto-17.0.7\bin\verify.dll

Deoptimization events (20 events):
Event: 1.893 Thread 0x000002496f518cc0 Uncommon trap: trap_request=0xffffff45 fr.pc=0x0000024907ae9c5c relative=0x000000000000005c
Event: 1.893 Thread 0x000002496f518cc0 Uncommon trap: reason=unstable_if action=reinterpret pc=0x0000024907ae9c5c method=java.lang.AbstractStringBuilder.isLatin1()Z @ 10 c2
Event: 1.893 Thread 0x000002496f518cc0 DEOPT PACKING pc=0x0000024907ae9c5c sp=0x0000007cc43fd900
Event: 1.893 Thread 0x000002496f518cc0 DEOPT UNPACKING pc=0x00000249075869a3 sp=0x0000007cc43fd890 mode 2
Event: 1.957 Thread 0x000002496f518cc0 DEOPT PACKING pc=0x000002490004c9be sp=0x0000007cc43fd030
Event: 1.957 Thread 0x000002496f518cc0 DEOPT UNPACKING pc=0x0000024907587143 sp=0x0000007cc43fc4a8 mode 0
Event: 2.141 Thread 0x000002496f518cc0 Uncommon trap: trap_request=0xffffff45 fr.pc=0x0000024907aea2e4 relative=0x0000000000000064
Event: 2.141 Thread 0x000002496f518cc0 Uncommon trap: reason=unstable_if action=reinterpret pc=0x0000024907aea2e4 method=java.io.WinNTFileSystem.isSlash(C)Z @ 9 c2
Event: 2.142 Thread 0x000002496f518cc0 DEOPT PACKING pc=0x0000024907aea2e4 sp=0x0000007cc43fec40
Event: 2.142 Thread 0x000002496f518cc0 DEOPT UNPACKING pc=0x00000249075869a3 sp=0x0000007cc43febc8 mode 2
Event: 2.142 Thread 0x000002496f518cc0 Uncommon trap: trap_request=0xffffff45 fr.pc=0x0000024907b0c4d8 relative=0x00000000000009d8
Event: 2.142 Thread 0x000002496f518cc0 Uncommon trap: reason=unstable_if action=reinterpret pc=0x0000024907b0c4d8 method=java.util.jar.JarFile.checkForSpecialAttributes()V @ 4 c2
Event: 2.142 Thread 0x000002496f518cc0 DEOPT PACKING pc=0x0000024907b0c4d8 sp=0x0000007cc43ff060
Event: 2.142 Thread 0x000002496f518cc0 DEOPT UNPACKING pc=0x00000249075869a3 sp=0x0000007cc43fef68 mode 2
Event: 2.155 Thread 0x000002496f518cc0 Uncommon trap: trap_request=0xffffff45 fr.pc=0x0000024907b0cf5c relative=0x000000000000005c
Event: 2.155 Thread 0x000002496f518cc0 Uncommon trap: reason=unstable_if action=reinterpret pc=0x0000024907b0cf5c method=java.util.jar.JarFile.checkForSpecialAttributes()V @ 4 c2
Event: 2.155 Thread 0x000002496f518cc0 DEOPT PACKING pc=0x0000024907b0cf5c sp=0x0000007cc43ff070
Event: 2.155 Thread 0x000002496f518cc0 DEOPT UNPACKING pc=0x00000249075869a3 sp=0x0000007cc43fefd0 mode 2
Event: 2.243 Thread 0x000002496f518cc0 DEOPT PACKING pc=0x000002490004c9be sp=0x0000007cc43fda80
Event: 2.243 Thread 0x000002496f518cc0 DEOPT UNPACKING pc=0x0000024907587143 sp=0x0000007cc43fcef8 mode 0

Classes unloaded (0 events):
No events

Classes redefined (0 events):
No events

Internal exceptions (6 events):
Event: 1.337 Thread 0x0000024917406300 Exception <a 'java/lang/NoSuchMethodError'{0x0000000710aa42f0}: 'java.lang.Object java.lang.invoke.DirectMethodHandle$Holder.invokeStaticInit(java.lang.Object)'> (0x0000000710aa42f0) 
thrown [s\src\hotspot\share\interpreter\linkResolver.cpp, line 759]
Event: 1.351 Thread 0x0000024917406300 Exception <a 'java/lang/NoSuchMethodError'{0x0000000710ab18d0}: 'void java.lang.invoke.DirectMethodHandle$Holder.invokeStatic(java.lang.Object, java.lang.Object)'> (0x0000000710ab18d0) 
thrown [s\src\hotspot\share\interpreter\linkResolver.cpp, line 759]
Event: 1.492 Thread 0x000002496f518cc0 Exception <a 'java/lang/ClassNotFoundException'{0x0000000710848cf8}: javax/smartcardio/CardPermission> (0x0000000710848cf8) 
thrown [s\src\hotspot\share\classfile\systemDictionary.cpp, line 256]
Event: 1.498 Thread 0x000002496f518cc0 Exception <a 'java/io/FileNotFoundException'{0x0000000710856fc0}> (0x0000000710856fc0) 
thrown [s\src\hotspot\share\prims\jni.cpp, line 516]
Event: 2.166 Thread 0x000002496f518cc0 Exception <a 'java/lang/NoSuchMethodError'{0x0000000710762b18}: 'java.lang.Object java.lang.invoke.DirectMethodHandle$Holder.invokeSpecialIFC(java.lang.Object, java.lang.Object, java.lang.Object, java.lang.Object)'> (0x0000000710762b18) 
thrown [s\src\hotspot\share\interpreter\linkResolver.cpp, line 759]
Event: 2.257 Thread 0x000002496f518cc0 Exception <a 'java/lang/NoSuchMethodError'{0x0000000710403898}: 'int java.lang.invoke.DirectMethodHandle$Holder.invokeStaticInit(java.lang.Object, java.lang.Object)'> (0x0000000710403898) 
thrown [s\src\hotspot\share\interpreter\linkResolver.cpp, line 759]

VM Operations (10 events):
Event: 0.689 Executing VM operation: HandshakeAllThreads
Event: 0.689 Executing VM operation: HandshakeAllThreads done
Event: 1.334 Executing VM operation: HandshakeAllThreads
Event: 1.334 Executing VM operation: HandshakeAllThreads done
Event: 1.334 Executing VM operation: Cleanup
Event: 1.334 Executing VM operation: Cleanup done
Event: 1.937 Executing VM operation: HandshakeAllThreads
Event: 1.937 Executing VM operation: HandshakeAllThreads done
Event: 2.141 Executing VM operation: HandshakeAllThreads
Event: 2.141 Executing VM operation: HandshakeAllThreads done

Events (20 events):
Event: 2.141 loading class java/net/HttpURLConnection
Event: 2.141 loading class java/net/HttpURLConnection done
Event: 2.141 loading class sun/net/www/protocol/jar/URLJarFile
Event: 2.141 loading class sun/net/www/protocol/jar/URLJarFile done
Event: 2.142 loading class sun/net/www/protocol/jar/URLJarFile$URLJarFileEntry
Event: 2.142 loading class sun/net/www/protocol/jar/URLJarFile$URLJarFileEntry done
Event: 2.143 loading class sun/net/www/protocol/jar/JarURLConnection$JarURLInputStream
Event: 2.143 loading class sun/net/www/protocol/jar/JarURLConnection$JarURLInputStream done
Event: 2.223 loading class java/lang/invoke/DirectMethodHandle$Special
Event: 2.223 loading class java/lang/invoke/DirectMethodHandle$Special done
Event: 2.228 loading class java/util/LinkedHashMap$LinkedKeyIterator
Event: 2.228 loading class java/util/LinkedHashMap$LinkedKeyIterator done
Event: 2.235 loading class java/lang/InstantiationException
Event: 2.235 loading class java/lang/InstantiationException done
Event: 2.248 loading class java/lang/Byte$ByteCache
Event: 2.248 loading class java/lang/Byte$ByteCache done
Event: 2.253 loading class java/lang/Short$ShortCache
Event: 2.253 loading class java/lang/Short$ShortCache done
Event: 2.255 loading class java/lang/reflect/UndeclaredThrowableException
Event: 2.256 loading class java/lang/reflect/UndeclaredThrowableException done


Dynamic libraries:
0x00007ff730370000 - 0x00007ff73037d000 	C:\Users\Marija\.jdks\corretto-17.0.7\bin\java.exe
0x00007ffd9cc90000 - 0x00007ffd9ce88000 	C:\WINDOWS\SYSTEM32\ntdll.dll
0x00007ffd5bc90000 - 0x00007ffd5bca9000 	C:\Program Files\Avast Software\Avast\aswhook.dll
0x00007ffd9b630000 - 0x00007ffd9b6ef000 	C:\WINDOWS\System32\KERNEL32.DLL
0x00007ffd9a600000 - 0x00007ffd9a8f6000 	C:\WINDOWS\System32\KERNELBASE.dll
0x00007ffd9a430000 - 0x00007ffd9a530000 	C:\WINDOWS\System32\ucrtbase.dll
0x00007ffd6dd30000 - 0x00007ffd6dd45000 	C:\Users\Marija\.jdks\corretto-17.0.7\bin\VCRUNTIME140.dll
0x00007ffd8b810000 - 0x00007ffd8b827000 	C:\Users\Marija\.jdks\corretto-17.0.7\bin\jli.dll
0x00007ffd87310000 - 0x00007ffd875aa000 	C:\WINDOWS\WinSxS\amd64_microsoft.windows.common-controls_6595b64144ccf1df_6.0.19041.1110_none_60b5254171f9507e\COMCTL32.dll
0x00007ffd9c0d0000 - 0x00007ffd9c16e000 	C:\WINDOWS\System32\msvcrt.dll
0x00007ffd9c560000 - 0x00007ffd9c58c000 	C:\WINDOWS\System32\GDI32.dll
0x00007ffd9a530000 - 0x00007ffd9a552000 	C:\WINDOWS\System32\win32u.dll
0x00007ffd9ab20000 - 0x00007ffd9ac35000 	C:\WINDOWS\System32\gdi32full.dll
0x00007ffd9a560000 - 0x00007ffd9a5fd000 	C:\WINDOWS\System32\msvcp_win.dll
0x00007ffd9b490000 - 0x00007ffd9b62d000 	C:\WINDOWS\System32\USER32.dll
0x00007ffd9c590000 - 0x00007ffd9c5c0000 	C:\WINDOWS\System32\IMM32.DLL
0x00007ffd52660000 - 0x00007ffd526fb000 	C:\Users\Marija\.jdks\corretto-17.0.7\bin\msvcp140.dll
0x00007ffcf2500000 - 0x00007ffcf311a000 	C:\Users\Marija\.jdks\corretto-17.0.7\bin\server\jvm.dll
0x00007ffd9acf0000 - 0x00007ffd9ad9f000 	C:\WINDOWS\System32\ADVAPI32.dll
0x00007ffd9c8f0000 - 0x00007ffd9c98c000 	C:\WINDOWS\System32\sechost.dll
0x00007ffd9c9a0000 - 0x00007ffd9cac6000 	C:\WINDOWS\System32\RPCRT4.dll
0x00007ffd8a860000 - 0x00007ffd8a887000 	C:\WINDOWS\SYSTEM32\WINMM.dll
0x00007ffd928e0000 - 0x00007ffd928ea000 	C:\WINDOWS\SYSTEM32\VERSION.dll
0x00007ffd81730000 - 0x00007ffd81739000 	C:\WINDOWS\SYSTEM32\WSOCK32.dll
0x00007ffd9c4d0000 - 0x00007ffd9c53b000 	C:\WINDOWS\System32\WS2_32.dll
0x00007ffd98bc0000 - 0x00007ffd98bd2000 	C:\WINDOWS\SYSTEM32\kernel.appcore.dll
0x00007ffd8b800000 - 0x00007ffd8b80a000 	C:\Users\Marija\.jdks\corretto-17.0.7\bin\jimage.dll
0x00007ffd98090000 - 0x00007ffd98274000 	C:\WINDOWS\SYSTEM32\DBGHELP.DLL
0x00007ffd918f0000 - 0x00007ffd91924000 	C:\WINDOWS\SYSTEM32\dbgcore.DLL
0x00007ffd9a370000 - 0x00007ffd9a3f2000 	C:\WINDOWS\System32\bcryptPrimitives.dll
0x00007ffd8a610000 - 0x00007ffd8a61e000 	C:\Users\Marija\.jdks\corretto-17.0.7\bin\instrument.dll
0x00007ffd6dd00000 - 0x00007ffd6dd25000 	C:\Users\Marija\.jdks\corretto-17.0.7\bin\java.dll
0x00007ffd2f1a0000 - 0x00007ffd2f276000 	C:\Users\Marija\.jdks\corretto-17.0.7\bin\jsvml.dll
0x00007ffd9b980000 - 0x00007ffd9c0c4000 	C:\WINDOWS\System32\SHELL32.dll
0x00007ffd98280000 - 0x00007ffd98a13000 	C:\WINDOWS\SYSTEM32\windows.storage.dll
0x00007ffd9c170000 - 0x00007ffd9c4c4000 	C:\WINDOWS\System32\combase.dll
0x00007ffd99dd0000 - 0x00007ffd99dfe000 	C:\WINDOWS\SYSTEM32\Wldp.dll
0x00007ffd9c7b0000 - 0x00007ffd9c85d000 	C:\WINDOWS\System32\SHCORE.dll
0x00007ffd9cad0000 - 0x00007ffd9cb25000 	C:\WINDOWS\System32\shlwapi.dll
0x00007ffd9a2b0000 - 0x00007ffd9a2cf000 	C:\WINDOWS\SYSTEM32\profapi.dll
0x00007ffd655e0000 - 0x00007ffd655f8000 	C:\Users\Marija\.jdks\corretto-17.0.7\bin\zip.dll
0x00007ffd68870000 - 0x00007ffd68889000 	C:\Users\Marija\.jdks\corretto-17.0.7\bin\net.dll
0x00007ffd919c0000 - 0x00007ffd91aca000 	C:\WINDOWS\SYSTEM32\WINHTTP.dll
0x00007ffd99b30000 - 0x00007ffd99b9a000 	C:\WINDOWS\system32\mswsock.dll
0x00007ffd68850000 - 0x00007ffd68865000 	C:\Users\Marija\.jdks\corretto-17.0.7\bin\nio.dll
0x00007ffd5daf0000 - 0x00007ffd5db0a000 	C:\Program Files\JetBrains\IntelliJ IDEA Community Edition 2020.3.3\bin\breakgen64.dll
0x00007ffd871b0000 - 0x00007ffd871c0000 	C:\Users\Marija\.jdks\corretto-17.0.7\bin\verify.dll

dbghelp: loaded successfully - version: 4.0.5 - missing functions: none
symbol engine: initialized successfully - sym options: 0x614 - pdb path: .;C:\Users\Marija\.jdks\corretto-17.0.7\bin;C:\WINDOWS\SYSTEM32;C:\Program Files\Avast Software\Avast;C:\WINDOWS\WinSxS\amd64_microsoft.windows.common-controls_6595b64144ccf1df_6.0.19041.1110_none_60b5254171f9507e;C:\Users\Marija\.jdks\corretto-17.0.7\bin\server;C:\Program Files\JetBrains\IntelliJ IDEA Community Edition 2020.3.3\bin

VM Arguments:
jvm_args: -javaagent:C:\Program Files\JetBrains\IntelliJ IDEA Community Edition 2020.3.3\lib\idea_rt.jar=59657:C:\Program Files\JetBrains\IntelliJ IDEA Community Edition 2020.3.3\bin -Dfile.encoding=UTF-8 
java_command: com.example.demo.Main
java_class_path (initial): C:\Users\Marija\IdeaProjects\BalanceManager\target\classes;C:\Users\Marija\.m2\repository\org\springframework\boot\spring-boot-starter-data-jpa\2.7.5\spring-boot-starter-data-jpa-2.7.5.jar;C:\Users\Marija\.m2\repository\org\springframework\boot\spring-boot-starter-aop\2.7.5\spring-boot-starter-aop-2.7.5.jar;C:\Users\Marija\.m2\repository\org\springframework\spring-aop\5.3.23\spring-aop-5.3.23.jar;C:\Users\Marija\.m2\repository\org\aspectj\aspectjweaver\1.9.7\aspectjweaver-1.9.7.jar;C:\Users\Marija\.m2\repository\org\springframework\boot\spring-boot-starter-jdbc\2.7.5\spring-boot-starter-jdbc-2.7.5.jar;C:\Users\Marija\.m2\repository\com\zaxxer\HikariCP\4.0.3\HikariCP-4.0.3.jar;C:\Users\Marija\.m2\repository\org\springframework\spring-jdbc\5.3.23\spring-jdbc-5.3.23.jar;C:\Users\Marija\.m2\repository\jakarta\transaction\jakarta.transaction-api\1.3.3\jakarta.transaction-api-1.3.3.jar;C:\Users\Marija\.m2\repository\jakarta\persistence\jakarta.persistence-api\2.2.3\jakarta.persistence-api-2.2.3.jar;C:\Users\Marija\.m2\repository\org\hibernate\hibernate-core\5.6.12.Final\hibernate-core-5.6.12.Final.jar;C:\Users\Marija\.m2\repository\org\jboss\logging\jboss-logging\3.4.3.Final\jboss-logging-3.4.3.Final.jar;C:\Users\Marija\.m2\repository\net\bytebuddy\byte-buddy\1.12.18\byte-buddy-1.12.18.jar;C:\Users\Marija\.m2\repository\antlr\antlr\2.7.7\antlr-2.7.7.jar;C:\Users\Marija\.m2\repository\org\jboss\jandex\2.4.2.Final\jandex-2.4.2.Final.jar;C:\Users\Marija\.m2\repository\org\hibernate\common\hibernate-commons-annotations\5.1.2.Final\hibernate-commons-annotations-5.1.2.Final.jar;C:\Users\Marija\.m2\repository\org\glassfish\jaxb\jaxb-runtime\2.3.7\jaxb-runtime-2.3.7.jar;C:\Users\Marija\.m2\repository\org\glassfish\jaxb\txw2\2.3.7\txw2-2.3.7.jar;C:\Users\Marija\.m2\repository\com\sun\istack\istack-commons-runtime\3.0.12\istack-commons-runtime-3.0.12.jar;C:\Users\Marija\.m2\repository\com\sun\activation\jakarta.activation\1.2.2\jakarta.activation-1.2.2.
Launcher Type: SUN_STANDARD

[Global flags]
     intx CICompilerCount                          = 4                                         {product} {ergonomic}
     uint ConcGCThreads                            = 2                                         {product} {ergonomic}
     uint G1ConcRefinementThreads                  = 8                                         {product} {ergonomic}
   size_t G1HeapRegionSize                         = 2097152                                   {product} {ergonomic}
    uintx GCDrainStackTargetSize                   = 64                                        {product} {ergonomic}
   size_t InitialHeapSize                          = 268435456                                 {product} {ergonomic}
   size_t MarkStackSize                            = 4194304                                   {product} {ergonomic}
   size_t MaxHeapSize                              = 4273995776                                {product} {ergonomic}
   size_t MaxNewSize                               = 2562719744                                {product} {ergonomic}
   size_t MinHeapDeltaBytes                        = 2097152                                   {product} {ergonomic}
   size_t MinHeapSize                              = 8388608                                   {product} {ergonomic}
    uintx NonNMethodCodeHeapSize                   = 5839372                                {pd product} {ergonomic}
    uintx NonProfiledCodeHeapSize                  = 122909434                              {pd product} {ergonomic}
    uintx ProfiledCodeHeapSize                     = 122909434                              {pd product} {ergonomic}
    uintx ReservedCodeCacheSize                    = 251658240                              {pd product} {ergonomic}
     bool SegmentedCodeCache                       = true                                      {product} {ergonomic}
   size_t SoftMaxHeapSize                          = 4273995776                             {manageable} {ergonomic}
     bool UseCompressedClassPointers               = true                           {product lp64_product} {ergonomic}
     bool UseCompressedOops                        = true                           {product lp64_product} {ergonomic}
     bool UseG1GC                                  = true                                      {product} {ergonomic}
     bool UseLargePagesIndividualAllocation        = false                                  {pd product} {ergonomic}

Logging:
Log output configuration:
 #0: stdout all=warning uptime,level,tags
 #1: stderr all=off uptime,level,tags

Environment Variables:
PATH=C:\Program Files\Common Files\Oracle\Java\javapath;C:\Program Files (x86)\Embarcadero\Studio\20.0\bin;C:\Users\Public\Documents\Embarcadero\Studio\20.0\Bpl;C:\Program Files (x86)\Embarcadero\Studio\20.0\bin64;C:\Users\Public\Documents\Embarcadero\Studio\20.0\Bpl\Win64;C:\Program Files (x86)\Common Files\Oracle\Java\javapath;C:\Windows\system32;C:\Windows;C:\Windows\System32\Wbem;C:\Windows\System32\WindowsPowerShell\v1.0\;C:\Windows\System32\OpenSSH\;C:\Program Files (x86)\NVIDIA Corporation\PhysX\Common;C:\Program Files\Common Files\Autodesk Shared\;C:\WINDOWS\system32;C:\WINDOWS;C:\WINDOWS\System32\Wbem;C:\WINDOWS\System32\WindowsPowerShell\v1.0\;C:\WINDOWS\System32\OpenSSH\;C:\Program Files\NVIDIA Corporation\NVIDIA NvDLISR;C:\WINDOWS\system32;C:\WINDOWS;C:\WINDOWS\System32\Wbem;C:\WINDOWS\System32\WindowsPowerShell\v1.0\;C:\WINDOWS\System32\OpenSSH\;C:\Program Files\Git\cmd;C:\Program Files\nodejs\;C:\Program Files\MySQL\MySQL Shell 8.0\bin\;C:\Users\Marija\AppData\Local\Microsoft\WindowsApps;;D:\Microsoft VS Code\bin;C:\Users\Marija\AppData\Roaming\npm;C:\Program Files\JetBrains\IntelliJ IDEA 2021.2.1\bin;;D:\Fiddler
USERNAME=Marija
OS=Windows_NT
PROCESSOR_IDENTIFIER=Intel64 Family 6 Model 60 Stepping 3, GenuineIntel
TMP=C:\Users\Marija\AppData\Local\Temp
TEMP=C:\Users\Marija\AppData\Local\Temp



---------------  S Y S T E M  ---------------

OS:
 Windows 10 , 64 bit Build 19041 (10.0.19041.2913)
OS uptime: 15 days 0:30 hours

CPU: total 8 (initial active 8) (4 cores per cpu, 2 threads per core) family 6 model 60 stepping 3 microcode 0x27, cx8, cmov, fxsr, ht, mmx, sse, sse2, sse3, ssse3, sse4.1, sse4.2, popcnt, lzcnt, tsc, tscinvbit, avx, avx2, aes, erms, clmul, bmi1, bmi2, fma, vzeroupper, clflush

Memory: 4k page, system-wide physical 16300M (4632M free)
TotalPageFile size 21830M (AvailPageFile size 2M)
current process WorkingSet (physical memory assigned to process): 60M, peak: 60M
current process commit charge ("private bytes"): 357M, peak: 358M

vm_info: OpenJDK 64-Bit Server VM (17.0.7+7-LTS) for windows-amd64 JRE (17.0.7+7-LTS), built on Apr 14 2023 01:39:21 by "Administrator" with MS VC++ 15.9 (VS2017)

END.
